<?xml version="1.0" encoding="UTF-8"?>
<!-- Generated by org.testng.reporters.JUnitXMLReporter -->
<testsuite ignored="1" hostname="Priyanka" failures="0" tests="1" name="Default test" time="4.082" errors="0" timestamp="28 May 2024 11:27:19 GMT">
  <testcase classname="com.automation.practise_automation.RestAssured_Test" name="testToEqual" time="4.017"/>
  <testcase classname="com.automation.practise_automation.RestAssured_Test" name="apiStatusCode" time="0.0">
    <ignored/>
  </testcase> <!-- apiStatusCode -->
</testsuite> <!-- Default test -->
