<?xml version="1.0" encoding="UTF-8"?>
<!-- Generated by org.testng.reporters.JUnitXMLReporter -->
<testsuite hostname="CP-PC" ignored="1" name="Default test" tests="1" failures="0" timestamp="30 May 2019 16:59:53 GMT" time="5.273" errors="0">
  <testcase name="testToEqual" time="5.21" classname="com.automation.practise_automation.RestAssured_Test"/>
  <testcase name="apiStatusCode" time="0.0" classname="com.automation.practise_automation.RestAssured_Test">
    <ignored/>
  </testcase> <!-- apiStatusCode -->
</testsuite> <!-- Default test -->
