<?xml version="1.0" encoding="UTF-8"?>
<testng-results ignored="1" total="2" passed="1" failed="0" skipped="0">
  <reporter-output>
  </reporter-output>
  <suite started-at="2024-05-28T11:27:15Z" name="Default suite" finished-at="2024-05-28T11:27:19Z" duration-ms="4082">
    <groups>
    </groups>
    <test started-at="2024-05-28T11:27:15Z" name="Default test" finished-at="2024-05-28T11:27:19Z" duration-ms="4082">
      <class name="com.automation.practise_automation.RestAssured_Test">
        <test-method signature="testToEqual()[pri:0, instance:com.automation.practise_automation.RestAssured_Test@3bcd05cb]" started-at="2024-05-28T11:27:15Z" name="testToEqual" finished-at="2024-05-28T11:27:19Z" duration-ms="4017" status="PASS">
          <reporter-output>
          </reporter-output>
        </test-method> <!-- testToEqual -->
      </class> <!-- com.automation.practise_automation.RestAssured_Test -->
    </test> <!-- Default test -->
  </suite> <!-- Default suite -->
</testng-results>
