<?xml version="1.0" encoding="UTF-8"?>
<testng-results skipped="0" failed="0" ignored="1" total="2" passed="1">
  <reporter-output>
  </reporter-output>
  <suite name="Default suite" duration-ms="5273" started-at="2019-05-30T16:59:48Z" finished-at="2019-05-30T16:59:53Z">
    <groups>
    </groups>
    <test name="Default test" duration-ms="5273" started-at="2019-05-30T16:59:48Z" finished-at="2019-05-30T16:59:53Z">
      <class name="com.automation.practise_automation.RestAssured_Test">
        <test-method status="PASS" signature="testToEqual()[pri:0, instance:com.automation.practise_automation.RestAssured_Test@16e2f39]" name="testToEqual" duration-ms="5210" started-at="2019-05-30T16:59:48Z" finished-at="2019-05-30T16:59:53Z">
          <reporter-output>
          </reporter-output>
        </test-method> <!-- testToEqual -->
      </class> <!-- com.automation.practise_automation.RestAssured_Test -->
    </test> <!-- Default test -->
  </suite> <!-- Default suite -->
</testng-results>
